<?xml version="1.0" encoding="UTF-8"?>
<!-- Generated by org.testng.reporters.JUnitXMLReporter -->
<testsuite ignored="0" hostname="DESKTOP-0T30GAS" failures="0" tests="4" name="Test" time="37.08" errors="0" timestamp="2026-01-19T00:33:09 IST">
  <testcase classname="testclasses.TC_004_SearchFunction" name="SearchData" time="0.668"/>
  <testcase classname="testclasses.TC_005_compare_the_product_1" name="compare_" time="0.92"/>
  <testcase classname="testclasses.TC_002_Login_validAccount" name="login_acc" time="4.881"/>
  <testcase classname="testclasses.TC_001_Account_registration" name="register_Acct" time="2.74"/>
</testsuite> <!-- Test -->
