<?xml version="1.0" encoding="UTF-8"?>
<!-- Generated by org.testng.reporters.JUnitXMLReporter -->
<testsuite ignored="0" hostname="DESKTOP-0T30GAS" failures="0" tests="5" name="Test1" time="457.688" errors="0" timestamp="2025-10-24T03:28:03 IST">
  <testcase classname="testbase.BaseClass" name="@BeforeClass Setup" time="454.237">
    <failure type="org.openqa.selenium.SessionNotCreatedException" message="Could not start a new session. Possible causes are invalid address of the remote server or browser start-up failure. 
Host info: host: &amp;apos;DESKTOP-0T30GAS&amp;apos;, ip: &amp;apos;172.18.112.1&amp;apos;">
      <![CDATA[org.openqa.selenium.SessionNotCreatedException: Could not start a new session. Possible causes are invalid address of the remote server or browser start-up failure. 
Host info: host: 'DESKTOP-0T30GAS', ip: '172.18.112.1'
at org.openqa.selenium.remote.RemoteWebDriver.execute(RemoteWebDriver.java:575)
at org.openqa.selenium.remote.RemoteWebDriver.startSession(RemoteWebDriver.java:246)
at org.openqa.selenium.remote.RemoteWebDriver.<init>(RemoteWebDriver.java:174)
at org.openqa.selenium.remote.RemoteWebDriver.<init>(RemoteWebDriver.java:152)
at testbase.BaseClass.Setup(BaseClass.java:81)
at java.base/java.util.ArrayList.forEach(ArrayList.java:1597)
Caused by: org.openqa.selenium.TimeoutException: java.net.http.HttpTimeoutException: request timed out
Build info: version: '4.35.0', revision: '1c58e5028b'
System info: os.name: 'Windows 11', os.arch: 'amd64', os.version: '10.0', java.version: '23.0.2'
Driver info: driver.version: unknown
at org.openqa.selenium.remote.http.jdk.JdkHttpClient.execute0(JdkHttpClient.java:498)
at org.openqa.selenium.remote.http.AddSeleniumUserAgent.lambda$apply$0(AddSeleniumUserAgent.java:42)
at org.openqa.selenium.remote.http.Filter.lambda$andFinally$1(Filter.java:55)
at org.openqa.selenium.remote.http.jdk.JdkHttpClient.lambda$executeAsync$2(JdkHttpClient.java:387)
at java.base/java.util.concurrent.Executors$RunnableAdapter.call(Executors.java:572)
at java.base/java.util.concurrent.FutureTask.run(FutureTask.java:317)
at java.base/java.util.concurrent.ThreadPoolExecutor.runWorker(ThreadPoolExecutor.java:1144)
at java.base/java.util.concurrent.ThreadPoolExecutor$Worker.run(ThreadPoolExecutor.java:642)
at java.base/java.lang.Thread.run(Thread.java:1575)
Caused by: java.net.http.HttpTimeoutException: request timed out
at java.net.http/jdk.internal.net.http.HttpClientImpl.send(HttpClientImpl.java:954)
at java.net.http/jdk.internal.net.http.HttpClientFacade.send(HttpClientFacade.java:133)
at org.openqa.selenium.remote.http.jdk.JdkHttpClient.execute0(JdkHttpClient.java:459)
... 8 more
... Removed 23 stack frames]]>
    </failure>
  </testcase> <!-- @BeforeClass Setup -->
  <testcase classname="testbase.BaseClass" name="@AfterClass taerdown" time="0.0">
    <skipped/>
  </testcase> <!-- @AfterClass taerdown -->
  <testcase classname="testclasses.TC_003_login_DDT" name="Login_DDT" time="0.0">
    <skipped/>
  </testcase> <!-- Login_DDT -->
  <testcase classname="testclasses.TC_003_login_DDT" name="Login_DDT" time="0.0">
    <skipped/>
  </testcase> <!-- Login_DDT -->
  <testcase classname="testclasses.TC_003_login_DDT" name="Login_DDT" time="0.001">
    <skipped/>
  </testcase> <!-- Login_DDT -->
  <testcase classname="testclasses.TC_003_login_DDT" name="Login_DDT" time="0.001">
    <skipped/>
  </testcase> <!-- Login_DDT -->
  <testcase classname="testclasses.TC_003_login_DDT" name="Login_DDT" time="0.001">
    <skipped/>
  </testcase> <!-- Login_DDT -->
</testsuite> <!-- Test1 -->
