<?xml version="1.0" encoding="UTF-8"?>
<!-- Generated by org.testng.reporters.JUnitXMLReporter -->
<testsuite ignored="1" hostname="DESKTOP-0T30GAS" failures="0" tests="2" name="Test" time="27.239" errors="0" timestamp="2026-01-14T00:39:50 IST">
  <testcase classname="testclasses.TC_002_Login_validAccount" name="login_acc" time="5.401"/>
  <testcase classname="testclasses.TC_001_Account_registration" name="register_Acct" time="3.023"/>
  <testcase classname="testclasses.TC_003_login_DDT" name="Login_DDT" time="0.0">
    <ignored/>
  </testcase> <!-- Login_DDT -->
</testsuite> <!-- Test -->
