<?xml version="1.0" encoding="UTF-8"?>
<testng-results ignored="0" total="1" passed="1" failed="0" skipped="0">
  <reporter-output>
  </reporter-output>
  <suite started-at="2026-01-19T00:12:29 IST" name="Suite" finished-at="2026-01-19T00:12:37 IST" duration-ms="8162">
    <groups>
      <group name="Master">
        <method signature="TC_004_SearchFunction.SearchData()[pri:0, instance:testclasses.TC_004_SearchFunction@3b7ff809]" name="SearchData" class="testclasses.TC_004_SearchFunction"/>
      </group> <!-- Master -->
      <group name="Sanity">
        <method signature="TC_004_SearchFunction.SearchData()[pri:0, instance:testclasses.TC_004_SearchFunction@3b7ff809]" name="SearchData" class="testclasses.TC_004_SearchFunction"/>
      </group> <!-- Sanity -->
      <group name="Regression">
        <method signature="TC_004_SearchFunction.SearchData()[pri:0, instance:testclasses.TC_004_SearchFunction@3b7ff809]" name="SearchData" class="testclasses.TC_004_SearchFunction"/>
      </group> <!-- Regression -->
    </groups>
    <test started-at="2026-01-19T00:12:29 IST" name="Test" finished-at="2026-01-19T00:12:37 IST" duration-ms="8162">
      <class name="testclasses.TC_004_SearchFunction">
        <test-method is-config="true" signature="Setup(java.lang.String,java.lang.String)[pri:0, instance:testclasses.TC_004_SearchFunction@3b7ff809]" started-at="2026-01-19T00:12:30 IST" name="Setup" finished-at="2026-01-19T00:12:34 IST" duration-ms="4048" status="PASS">
          <params>
            <param index="0">
              <value>
                <![CDATA[windows]]>
              </value>
            </param>
            <param index="1">
              <value>
                <![CDATA[chrome]]>
              </value>
            </param>
          </params>
          <reporter-output>
          </reporter-output>
        </test-method> <!-- Setup -->
        <test-method signature="SearchData()[pri:0, instance:testclasses.TC_004_SearchFunction@3b7ff809]" started-at="2026-01-19T00:12:34 IST" name="SearchData" finished-at="2026-01-19T00:12:34 IST" duration-ms="656" status="PASS">
          <reporter-output>
          </reporter-output>
        </test-method> <!-- SearchData -->
        <test-method is-config="true" signature="taerdown()[pri:0, instance:testclasses.TC_004_SearchFunction@3b7ff809]" started-at="2026-01-19T00:12:34 IST" name="taerdown" finished-at="2026-01-19T00:12:37 IST" duration-ms="3215" status="PASS">
          <reporter-output>
          </reporter-output>
        </test-method> <!-- taerdown -->
      </class> <!-- testclasses.TC_004_SearchFunction -->
    </test> <!-- Test -->
  </suite> <!-- Suite -->
</testng-results>
