<?xml version="1.0" encoding="UTF-8"?>
<testng-results ignored="0" total="2" passed="2" failed="0" skipped="0">
  <reporter-output>
  </reporter-output>
  <suite started-at="2026-01-14T00:39:22 IST" name="Suite" finished-at="2026-01-14T00:39:50 IST" duration-ms="27239">
    <groups>
      <group name="Master">
        <method signature="TC_002_Login_validAccount.login_acc()[pri:0, instance:testclasses.TC_002_Login_validAccount@4da602fc]" name="login_acc" class="testclasses.TC_002_Login_validAccount"/>
        <method signature="TC_001_Account_registration.register_Acct()[pri:1, instance:testclasses.TC_001_Account_registration@3f792b9b]" name="register_Acct" class="testclasses.TC_001_Account_registration"/>
      </group> <!-- Master -->
      <group name="Sanity">
        <method signature="TC_001_Account_registration.register_Acct()[pri:1, instance:testclasses.TC_001_Account_registration@3f792b9b]" name="register_Acct" class="testclasses.TC_001_Account_registration"/>
      </group> <!-- Sanity -->
      <group name="Regression">
        <method signature="TC_002_Login_validAccount.login_acc()[pri:0, instance:testclasses.TC_002_Login_validAccount@4da602fc]" name="login_acc" class="testclasses.TC_002_Login_validAccount"/>
      </group> <!-- Regression -->
    </groups>
    <test started-at="2026-01-14T00:39:22 IST" name="Test" finished-at="2026-01-14T00:39:50 IST" duration-ms="27239">
      <class name="testclasses.TC_002_Login_validAccount">
        <test-method is-config="true" signature="Setup(java.lang.String,java.lang.String)[pri:0, instance:testclasses.TC_002_Login_validAccount@4da602fc]" started-at="2026-01-14T00:39:22 IST" name="Setup" finished-at="2026-01-14T00:39:31 IST" duration-ms="8077" status="PASS">
          <params>
            <param index="0">
              <value>
                <![CDATA[windows]]>
              </value>
            </param>
            <param index="1">
              <value>
                <![CDATA[chrome]]>
              </value>
            </param>
          </params>
          <reporter-output>
          </reporter-output>
        </test-method> <!-- Setup -->
        <test-method signature="login_acc()[pri:0, instance:testclasses.TC_002_Login_validAccount@4da602fc]" started-at="2026-01-14T00:39:31 IST" name="login_acc" finished-at="2026-01-14T00:39:36 IST" duration-ms="5401" status="PASS">
          <reporter-output>
          </reporter-output>
        </test-method> <!-- login_acc -->
        <test-method is-config="true" signature="taerdown()[pri:0, instance:testclasses.TC_002_Login_validAccount@4da602fc]" started-at="2026-01-14T00:39:36 IST" name="taerdown" finished-at="2026-01-14T00:39:39 IST" duration-ms="3335" status="PASS">
          <reporter-output>
          </reporter-output>
        </test-method> <!-- taerdown -->
      </class> <!-- testclasses.TC_002_Login_validAccount -->
      <class name="testclasses.TC_001_Account_registration">
        <test-method is-config="true" signature="Setup(java.lang.String,java.lang.String)[pri:0, instance:testclasses.TC_001_Account_registration@3f792b9b]" started-at="2026-01-14T00:39:39 IST" name="Setup" finished-at="2026-01-14T00:39:43 IST" duration-ms="4043" status="PASS">
          <params>
            <param index="0">
              <value>
                <![CDATA[windows]]>
              </value>
            </param>
            <param index="1">
              <value>
                <![CDATA[chrome]]>
              </value>
            </param>
          </params>
          <reporter-output>
          </reporter-output>
        </test-method> <!-- Setup -->
        <test-method signature="register_Acct()[pri:1, instance:testclasses.TC_001_Account_registration@3f792b9b]" started-at="2026-01-14T00:39:43 IST" name="register_Acct" finished-at="2026-01-14T00:39:46 IST" duration-ms="3023" status="PASS">
          <reporter-output>
          </reporter-output>
        </test-method> <!-- register_Acct -->
        <test-method is-config="true" signature="taerdown()[pri:0, instance:testclasses.TC_001_Account_registration@3f792b9b]" started-at="2026-01-14T00:39:46 IST" name="taerdown" finished-at="2026-01-14T00:39:50 IST" duration-ms="3293" status="PASS">
          <reporter-output>
          </reporter-output>
        </test-method> <!-- taerdown -->
      </class> <!-- testclasses.TC_001_Account_registration -->
    </test> <!-- Test -->
  </suite> <!-- Suite -->
</testng-results>
